0 info it worked if it ends with ok
1 verbose cli [ 'C:\\Program Files\\nodejs\\node.exe',
1 verbose cli   'C:\\ProgramData\\chocolatey\\lib\\npm.1.4.9.20150213\\tools\\node_modules\\npm\\bin\\npm-cli.js',
1 verbose cli   'start' ]
2 info using npm@1.4.9
3 info using node@v5.6.0
4 verbose run-script [ 'prestart', 'start', 'poststart' ]
5 info prestart northwind@0.0.0
6 info start northwind@0.0.0
7 verbose unsafe-perm in lifecycle true
8 info northwind@0.0.0 Failed to exec start script
9 error northwind@0.0.0 start: `nodemon -e js,css,scss,html app.js`
9 error Exit status 1
10 error Failed at the northwind@0.0.0 start script.
10 error This is most likely a problem with the northwind package,
10 error not with npm itself.
10 error Tell the author that this fails on your system:
10 error     nodemon -e js,css,scss,html app.js
10 error You can get their info via:
10 error     npm owner ls northwind
10 error There is likely additional logging output above.
11 error System Windows_NT 10.0.10586
12 error command "C:\\Program Files\\nodejs\\node.exe" "C:\\ProgramData\\chocolatey\\lib\\npm.1.4.9.20150213\\tools\\node_modules\\npm\\bin\\npm-cli.js" "start"
13 error cwd C:\Users\John\Documents\FullStackAcademy\northwind
14 error node -v v5.6.0
15 error npm -v 1.4.9
16 error code ELIFECYCLE
17 verbose exit [ 1, true ]
